[2018-03-09 : 18-07-11] : Logged in as 'john@doe.un'
[2018-03-09 : 18-14-14] : Logged in as : 'john@doe.un'
[2018-03-09 : 18-14-40] : Uploaded file from  : 'uploads/John/ / louis.loiseau-billon.jpg / image/jpeg'
[2018-03-09 : 18-38-29] : Uploaded file from  : 'uploads/John/ / 3.png / image/png'
[2018-03-09 : 18-39-16] : Uploaded file from  : 'uploads/John/ / discor.png / image/png'
[2018-03-09 : 18-39-28] : Uploaded file from  : 'uploads/John/ / 2.png / image/png'
[2018-03-09 : 18-40-38] : Uploaded file from  : 'uploads/John/ / 1.png / image/png'
[2018-03-09 : 18-41-07] : Uploaded file from  : 'uploads/John/ / 2.png / image/png'
[2018-03-09 : 18-43-50] : Uploaded file from  : 'uploads/John/ / Crack the Code.jpg / image/jpeg'
[2018-03-09 : 18-54-39] : Uploaded file from  : 'uploads/John/ / 80c0d8c84f96614d4af519a8928283c3.png / image/png'
[2018-03-10 : 15-15-00] : Logged in as : 'john@doe.un'
[2018-03-10 : 15-33-48] : Uploaded file from  : 'uploads/John/ / 1.png / image/png'
[2018-03-10 : 15-55-44] : Uploaded file from  : 'uploads/John/ / 2.png / image/png'
<<<<<<< HEAD
[2018-03-11 : 15-44-41] : Uploaded file from  : 'uploads/John/ / dzdzdz.jpg / image/jpeg'
[2018-03-11 : 15-51-32] : Logged in as : 'john@doe.un'
[2018-03-11 : 15-51-58] : Logged in as : 'john@doe.un'
[2018-03-11 : 16-01-12] : Uploaded file from  : 'uploads/John/ / discor.png / image/png'
=======
[2018-03-11 : 15-13-27] : Logged in as : 'john@doe.un'
[2018-03-11 : 15-13-33] : Uploaded file from  : 'uploads/John/ / Crack the Code.jpg / image/jpeg'
[2018-03-11 : 15-23-39] : Uploaded file from  : 'uploads/John/ / Crack the Code / image/jpeg'
[2018-03-11 : 15-23-46] : Logged in as : 'john@doe.un'
[2018-03-11 : 15-23-52] : Uploaded file from  : 'uploads/John/ / discor / image/png'
>>>>>>> 030a9b554ea879a1452ec8e117c8b0d68af14618
[2018-03-11 : 16-20-10] : Uploaded file from  : 'uploads/John/ / 1 / image/png'
[2018-03-11 : 16-25-37] : Uploaded file from  : 'uploads/John/ / HIRO / image/jpeg'
[2018-03-11 : 16-31-01] : Uploaded file from  : 'uploads/John/ / Crack the Code (2) / image/jpeg'
[2018-03-11 : 16-31-23] : Uploaded file from  : 'uploads/John/ / Crack the Code (2) / image/jpeg'
[2018-03-11 : 16-32-11] : Uploaded file from  : 'uploads/John/ / Crack the Code (2) / image/jpeg'
[2018-03-11 : 16-32-55] : Uploaded file from  : 'uploads/John/ / from-dalle / image/jpeg'
[2018-03-11 : 16-33-28] : Uploaded file from  : 'uploads/John/ / Crack the Code / image/jpeg'
[2018-03-11 : 16-33-38] : Uploaded file from  : 'uploads/John/ / from-dalle / image/jpeg'
[2018-03-11 : 16-35-53] : Uploaded file from  : 'uploads/John/ / php / application/octet-stream'
[2018-03-11 : 16-37-35] : Uploaded file from  : 'uploads/John/ / php / application/octet-stream'
