[2018-03-09 : 18-09-38] : Failed to log in as : 'dzzdz@dzl.C'
[2018-03-09 : 18-09-38] : Failed to log in as : 'dzzdz@dzl.C'
[2018-03-09 : 18-09-44] : Failed to log in as : 'dzdzd@dzl.c'
[2018-03-09 : 18-13-44] : Failed to log in as : 'dzdzd@dzl.c'
[2018-03-09 : 18-13-51] : Failed to log in as : 'jddz@dzzd.c'
[2018-03-09 : 18-14-26] : Error uploading file, error :  : 'Files exists, please choose another file'
[2018-03-09 : 18-27-29] : Error uploading file, error :  : 'Files exists, please choose another file'
[2018-03-09 : 18-27-29] : Error uploading file, error :  : 'Files exists, please choose another file'
[2018-03-09 : 18-30-45] : Error uploading file, error :  : 'Cannot find the file'
[2018-03-09 : 18-31-14] : Error uploading file, error :  : 'Cannot find the file'
[2018-03-09 : 18-31-14] : Error uploading file, error :  : 'Cannot find the file'
[2018-03-09 : 18-31-20] : Error uploading file, error :  : 'Cannot find the file'
[2018-03-09 : 18-34-09] : Error uploading file, error :  : 'Cannot find the file'
[2018-03-09 : 18-34-09] : Error uploading file, error :  : 'Cannot find the file'
[2018-03-09 : 18-34-09] : Error uploading file, error :  : 'Cannot find the file'
[2018-03-09 : 18-34-28] : Error uploading file, error :  : 'Cannot find the file'
[2018-03-09 : 18-34-28] : Error uploading file, error :  : 'Cannot find the file'
[2018-03-09 : 18-34-28] : Error uploading file, error :  : 'Cannot find the file'
[2018-03-09 : 18-34-28] : Error uploading file, error :  : 'Cannot find the file'
[2018-03-09 : 18-38-25] : Error uploading file, error :  : 'Files exists, please choose another file'
[2018-03-09 : 18-38-30] : Error uploading file, error :  : 'Files exists, please choose another file'
[2018-03-09 : 18-38-30] : Error uploading file, error :  : 'Files exists, please choose another file'
[2018-03-09 : 18-38-30] : Error uploading file, error :  : 'Files exists, please choose another file'
[2018-03-09 : 18-38-30] : Error uploading file, error :  : 'Files exists, please choose another file'
[2018-03-09 : 18-38-31] : Error uploading file, error :  : 'Files exists, please choose another file'
[2018-03-09 : 18-38-31] : Error uploading file, error :  : 'Files exists, please choose another file'
[2018-03-09 : 18-39-23] : Error uploading file, error :  : 'Cannot find the file'
[2018-03-09 : 18-40-29] : Error uploading file, error :  : 'Cannot find the file'
[2018-03-09 : 18-40-34] : Error uploading file, error :  : 'Cannot find the file'
[2018-03-10 : 15-34-34] : Error uploading file, error :  : 'Files exists, please choose another file'
[2018-03-10 : 15-35-31] : Error uploading file, error :  : 'Cannot find the file'
[2018-03-10 : 15-52-56] : Error uploading file, error :  : 'Cannot find the file'
[2018-03-10 : 15-52-57] : Error uploading file, error :  : 'Cannot find the file'
[2018-03-10 : 15-52-57] : Error uploading file, error :  : 'Cannot find the file'
[2018-03-10 : 15-52-57] : Error uploading file, error :  : 'Cannot find the file'
[2018-03-10 : 21-10-34] : Failed to log in as : 'lefevre.a76@gmail.com'
[2018-03-10 : 21-10-38] : Failed to log in as : 'lefevre.a76@gmail.com'
[2018-03-10 : 21-10-43] : Failed to log in as : 'lefevre.a76@gmail.com'
[2018-03-10 : 21-10-50] : Failed to log in as : 'lefevre.a76@gmail.com'
[2018-03-10 : 21-34-04] : Error uploading file, error :  : 'Cannot find the file'
[2018-03-10 : 21-40-37] : Error uploading file, error :  : 'Cannot find the file'
[2018-03-10 : 21-40-41] : Error uploading file, error :  : 'Cannot find the file'
[2018-03-10 : 21-43-47] : Error uploading file, error :  : 'Cannot find the file'
[2018-03-10 : 21-44-23] : Error uploading file, error :  : 'Files exists, please choose another file'
[2018-03-10 : 21-44-59] : Error uploading file, error :  : 'Files exists, please choose another file'
[2018-03-10 : 21-47-15] : Error uploading file, error :  : 'Files exists, please choose another file'
[2018-03-10 : 21-58-41] : Error uploading file, error :  : 'Files exists, please choose another file'
[2018-03-10 : 21-58-48] : Error uploading file, error :  : 'Cannot find the file'
[2018-03-10 : 21-58-49] : Error uploading file, error :  : 'Cannot find the file'
[2018-03-10 : 21-58-50] : Error uploading file, error :  : 'Cannot find the file'
[2018-03-10 : 22-07-35] : Error uploading file, error :  : 'Files exists, please choose another file'
[2018-03-10 : 22-07-38] : Error uploading file, error :  : 'Files exists, please choose another file'
[2018-03-10 : 22-10-12] : Error uploading file, error :  : 'Files exists, please choose another file'
[2018-03-10 : 22-11-07] : Error uploading file, error :  : 'Cannot find the file'
[2018-03-10 : 22-12-13] : Error uploading file, error :  : 'Cannot find the file'
[2018-03-10 : 22-12-14] : Error uploading file, error :  : 'Cannot find the file'
[2018-03-10 : 22-12-15] : Error uploading file, error :  : 'Cannot find the file'
[2018-03-10 : 22-13-04] : Error uploading file, error :  : 'Files exists, please choose another file'
[2018-03-10 : 22-13-05] : Error uploading file, error :  : 'Cannot find the file'
[2018-03-10 : 22-13-08] : Error uploading file, error :  : 'Cannot find the file'
[2018-03-10 : 22-13-08] : Error uploading file, error :  : 'Cannot find the file'
[2018-03-10 : 22-13-09] : Error uploading file, error :  : 'Cannot find the file'
[2018-03-10 : 22-13-09] : Error uploading file, error :  : 'Cannot find the file'
[2018-03-10 : 22-13-09] : Error uploading file, error :  : 'Cannot find the file'
[2018-03-10 : 22-13-13] : Error uploading file, error :  : 'Files exists, please choose another file'
[2018-03-10 : 22-13-19] : Error uploading file, error :  : 'Cannot find the file'
[2018-03-10 : 22-14-12] : Error uploading file, error :  : 'Cannot find the file'
[2018-03-10 : 22-14-19] : Error uploading file, error :  : 'Cannot find the file'
[2018-03-10 : 22-14-41] : Error uploading file, error :  : 'Files exists, please choose another file'
[2018-03-10 : 22-14-42] : Error uploading file, error :  : 'Files exists, please choose another file'
[2018-03-10 : 22-14-46] : Error uploading file, error :  : 'Cannot find the file'
[2018-03-10 : 22-15-08] : Error uploading file, error :  : 'Cannot find the file'
[2018-03-10 : 22-36-07] : Error uploading file, error :  : 'Files exists, please choose another file'
[2018-03-10 : 22-38-18] : Error uploading file, error :  : 'Files exists, please choose another file'
[2018-03-10 : 22-40-28] : Error uploading file, error :  : 'Files exists, please choose another file'
[2018-03-10 : 22-42-31] : Error uploading file, error :  : 'Files exists, please choose another file'
[2018-03-10 : 22-42-45] : Error uploading file, error :  : 'Files exists, please choose another file'
[2018-03-10 : 22-50-27] : Error uploading file, error :  : 'Files exists, please choose another file'
